Arguments: 
  /Users/jmendoza/.nvm/versions/node/v14.12.0/bin/node /Users/jmendoza/.nvm/versions/node/v14.12.0/bin/yarn run prettify

PATH: 
  /Users/jmendoza/.nvm/versions/node/v14.12.0/bin:/Library/Frameworks/Python.framework/Versions/3.6/bin:/Users/jmendoza/.cargo/bin:/usr/local/bin:/usr/bin:/bin:/usr/sbin:/sbin:/Library/Apple/usr/bin:./node_modules/.bin:/usr/local/sbin:/Users/jmendoza/Library/Android/sdk/tools:/Users/jmendoza/Library/Android/sdk/tools/bin:/Users/jmendoza/Library/Android/sdk/platform-tools

Yarn version: 
  1.22.5

Node version: 
  14.12.0

Platform: 
  darwin x64

Trace: 
  SyntaxError: /Users/jmendoza/Dropbox/My Mac (Jaimes-MBP-2)/Desktop/Scratch/Hack-Reactor/coding-challenges/carta-healthcare/Screening/package.json: Unexpected token : in JSON at position 226
      at JSON.parse (<anonymous>)
      at /Users/jmendoza/.nvm/versions/node/v14.12.0/lib/node_modules/yarn/lib/cli.js:1625:59
      at Generator.next (<anonymous>)
      at step (/Users/jmendoza/.nvm/versions/node/v14.12.0/lib/node_modules/yarn/lib/cli.js:310:30)
      at /Users/jmendoza/.nvm/versions/node/v14.12.0/lib/node_modules/yarn/lib/cli.js:321:13

npm manifest: 
  {
    "name": "Screening",
    "version": "1.0.0",
    "main": "index.js",
    "repository": "https://github.com/alexfigliolia/Screening.git",
    "author": "jaimemendozadev <jaimemendozadev@gmail.com>",
    "license": "MIT",
    "scripts":: {
      "prettify": "yarn run prettier --write '**/**/.{js}'"
    },
    "devDependencies": {
      "prettier": "^2.2.1"
    }
  }

yarn manifest: 
  No manifest

Lockfile: 
  # THIS IS AN AUTOGENERATED FILE. DO NOT EDIT THIS FILE DIRECTLY.
  # yarn lockfile v1
  
  
  prettier@^2.2.1:
    version "2.2.1"
    resolved "https://registry.yarnpkg.com/prettier/-/prettier-2.2.1.tgz#795a1a78dd52f073da0cd42b21f9c91381923ff5"
    integrity sha512-PqyhM2yCjg/oKkFPtTGUojv7gnZAoG80ttl45O6x2Ug/rMJw4wcc9k6aaf2hibP7BGVCCM33gZoGjyvt9mm16Q==
